<?xml version="1.0" encoding="UTF-8"?>
<coverage generated="1692145244">
  <project timestamp="1692145244">
    <file name="/Users/cedricsavarese/web/ConnectorPoC/src/Authorizations/AbstractAuthorization.php">
      <class name="Connector\Authorizations\AbstractAuthorization" namespace="global">
        <metrics complexity="0" methods="0" coveredmethods="0" conditionals="0" coveredconditionals="0" statements="0" coveredstatements="0" elements="0" coveredelements="0"/>
      </class>
      <metrics loc="7" ncloc="4" classes="0" methods="0" coveredmethods="0" conditionals="0" coveredconditionals="0" statements="0" coveredstatements="0" elements="0" coveredelements="0"/>
    </file>
    <file name="/Users/cedricsavarese/web/ConnectorPoC/src/Authorizations/Credentials.php">
      <class name="Connector\Authorizations\Credentials" namespace="global">
        <metrics complexity="0" methods="0" coveredmethods="0" conditionals="0" coveredconditionals="0" statements="0" coveredstatements="0" elements="0" coveredelements="0"/>
      </class>
      <metrics loc="8" ncloc="8" classes="0" methods="0" coveredmethods="0" conditionals="0" coveredconditionals="0" statements="0" coveredstatements="0" elements="0" coveredelements="0"/>
    </file>
    <file name="/Users/cedricsavarese/web/ConnectorPoC/src/Authorizations/Generic.php">
      <class name="Connector\Authorizations\Generic" namespace="global">
        <metrics complexity="4" methods="4" coveredmethods="0" conditionals="0" coveredconditionals="0" statements="4" coveredstatements="0" elements="8" coveredelements="0"/>
      </class>
      <line num="9" type="method" name="__set" visibility="public" complexity="1" crap="2" count="0"/>
      <line num="11" type="stmt" count="0"/>
      <line num="14" type="method" name="__get" visibility="public" complexity="1" crap="2" count="0"/>
      <line num="16" type="stmt" count="0"/>
      <line num="19" type="method" name="__isset" visibility="public" complexity="1" crap="2" count="0"/>
      <line num="21" type="stmt" count="0"/>
      <line num="24" type="method" name="getProperties" visibility="public" complexity="1" crap="2" count="0"/>
      <line num="26" type="stmt" count="0"/>
      <metrics loc="28" ncloc="28" classes="1" methods="4" coveredmethods="0" conditionals="0" coveredconditionals="0" statements="4" coveredstatements="0" elements="8" coveredelements="0"/>
    </file>
    <file name="/Users/cedricsavarese/web/ConnectorPoC/src/Authorizations/OAuth.php">
      <class name="Connector\Authorizations\OAuth" namespace="global">
        <metrics complexity="1" methods="1" coveredmethods="0" conditionals="0" coveredconditionals="0" statements="2" coveredstatements="0" elements="3" coveredelements="0"/>
      </class>
      <line num="13" type="method" name="__construct" visibility="public" complexity="1" crap="2" count="0"/>
      <line num="15" type="stmt" count="0"/>
      <line num="16" type="stmt" count="0"/>
      <metrics loc="18" ncloc="15" classes="1" methods="1" coveredmethods="0" conditionals="0" coveredconditionals="0" statements="2" coveredstatements="0" elements="3" coveredelements="0"/>
    </file>
    <file name="/Users/cedricsavarese/web/ConnectorPoC/src/Authorizations/Token.php">
      <class name="Connector\Authorizations\Token" namespace="global">
        <metrics complexity="0" methods="0" coveredmethods="0" conditionals="0" coveredconditionals="0" statements="0" coveredstatements="0" elements="0" coveredelements="0"/>
      </class>
      <metrics loc="7" ncloc="7" classes="0" methods="0" coveredmethods="0" conditionals="0" coveredconditionals="0" statements="0" coveredstatements="0" elements="0" coveredelements="0"/>
    </file>
    <file name="/Users/cedricsavarese/web/ConnectorPoC/src/Exceptions/DataConversionException.php">
      <class name="Connector\Exceptions\DataConversionException" namespace="global">
        <metrics complexity="0" methods="0" coveredmethods="0" conditionals="0" coveredconditionals="0" statements="0" coveredstatements="0" elements="0" coveredelements="0"/>
      </class>
      <metrics loc="8" ncloc="8" classes="0" methods="0" coveredmethods="0" conditionals="0" coveredconditionals="0" statements="0" coveredstatements="0" elements="0" coveredelements="0"/>
    </file>
    <file name="/Users/cedricsavarese/web/ConnectorPoC/src/Exceptions/FileAccessException.php">
      <class name="Connector\Exceptions\FileAccessException" namespace="global">
        <metrics complexity="0" methods="0" coveredmethods="0" conditionals="0" coveredconditionals="0" statements="0" coveredstatements="0" elements="0" coveredelements="0"/>
      </class>
      <metrics loc="8" ncloc="8" classes="0" methods="0" coveredmethods="0" conditionals="0" coveredconditionals="0" statements="0" coveredstatements="0" elements="0" coveredelements="0"/>
    </file>
    <file name="/Users/cedricsavarese/web/ConnectorPoC/src/Exceptions/InvalidExecutionPlan.php">
      <class name="Connector\Exceptions\InvalidExecutionPlan" namespace="global">
        <metrics complexity="0" methods="0" coveredmethods="0" conditionals="0" coveredconditionals="0" statements="0" coveredstatements="0" elements="0" coveredelements="0"/>
      </class>
      <metrics loc="8" ncloc="8" classes="0" methods="0" coveredmethods="0" conditionals="0" coveredconditionals="0" statements="0" coveredstatements="0" elements="0" coveredelements="0"/>
    </file>
    <file name="/Users/cedricsavarese/web/ConnectorPoC/src/Exceptions/InvalidMapping.php">
      <class name="Connector\Exceptions\InvalidMapping" namespace="global">
        <metrics complexity="0" methods="0" coveredmethods="0" conditionals="0" coveredconditionals="0" statements="0" coveredstatements="0" elements="0" coveredelements="0"/>
      </class>
      <metrics loc="8" ncloc="8" classes="0" methods="0" coveredmethods="0" conditionals="0" coveredconditionals="0" statements="0" coveredstatements="0" elements="0" coveredelements="0"/>
    </file>
    <file name="/Users/cedricsavarese/web/ConnectorPoC/src/Exceptions/InvalidSchema.php">
      <class name="Connector\Exceptions\InvalidSchema" namespace="global">
        <metrics complexity="0" methods="0" coveredmethods="0" conditionals="0" coveredconditionals="0" statements="0" coveredstatements="0" elements="0" coveredelements="0"/>
      </class>
      <metrics loc="8" ncloc="8" classes="0" methods="0" coveredmethods="0" conditionals="0" coveredconditionals="0" statements="0" coveredstatements="0" elements="0" coveredelements="0"/>
    </file>
    <file name="/Users/cedricsavarese/web/ConnectorPoC/src/Exceptions/NotImplemented.php">
      <class name="Connector\Exceptions\NotImplemented" namespace="global">
        <metrics complexity="0" methods="0" coveredmethods="0" conditionals="0" coveredconditionals="0" statements="0" coveredstatements="0" elements="0" coveredelements="0"/>
      </class>
      <metrics loc="8" ncloc="8" classes="0" methods="0" coveredmethods="0" conditionals="0" coveredconditionals="0" statements="0" coveredstatements="0" elements="0" coveredelements="0"/>
    </file>
    <file name="/Users/cedricsavarese/web/ConnectorPoC/src/Exceptions/RecordNotFound.php">
      <class name="Connector\Exceptions\RecordNotFound" namespace="global">
        <metrics complexity="0" methods="0" coveredmethods="0" conditionals="0" coveredconditionals="0" statements="0" coveredstatements="0" elements="0" coveredelements="0"/>
      </class>
      <metrics loc="8" ncloc="8" classes="0" methods="0" coveredmethods="0" conditionals="0" coveredconditionals="0" statements="0" coveredstatements="0" elements="0" coveredelements="0"/>
    </file>
    <file name="/Users/cedricsavarese/web/ConnectorPoC/src/Exceptions/UnsupportedFeature.php">
      <class name="Connector\Exceptions\UnsupportedFeature" namespace="global">
        <metrics complexity="0" methods="0" coveredmethods="0" conditionals="0" coveredconditionals="0" statements="0" coveredstatements="0" elements="0" coveredelements="0"/>
      </class>
      <metrics loc="9" ncloc="9" classes="0" methods="0" coveredmethods="0" conditionals="0" coveredconditionals="0" statements="0" coveredstatements="0" elements="0" coveredelements="0"/>
    </file>
    <file name="/Users/cedricsavarese/web/ConnectorPoC/src/Execution.php">
      <class name="Connector\Execution" namespace="global">
        <metrics complexity="15" methods="8" coveredmethods="8" conditionals="0" coveredconditionals="0" statements="40" coveredstatements="40" elements="48" coveredelements="48"/>
      </class>
      <line num="24" type="method" name="__construct" visibility="public" complexity="1" crap="1" count="3"/>
      <line num="25" type="stmt" count="3"/>
      <line num="26" type="stmt" count="3"/>
      <line num="27" type="stmt" count="3"/>
      <line num="36" type="method" name="run" visibility="public" complexity="1" crap="1" count="3"/>
      <line num="38" type="stmt" count="3"/>
      <line num="40" type="stmt" count="3"/>
      <line num="42" type="stmt" count="3"/>
      <line num="44" type="stmt" count="3"/>
      <line num="56" type="method" name="runTransaction" visibility="private" complexity="4" crap="4" count="3"/>
      <line num="58" type="stmt" count="3"/>
      <line num="60" type="stmt" count="3"/>
      <line num="62" type="stmt" count="3"/>
      <line num="64" type="stmt" count="3"/>
      <line num="66" type="stmt" count="3"/>
      <line num="67" type="stmt" count="3"/>
      <line num="68" type="stmt" count="3"/>
      <line num="69" type="stmt" count="3"/>
      <line num="72" type="stmt" count="3"/>
      <line num="73" type="stmt" count="3"/>
      <line num="74" type="stmt" count="3"/>
      <line num="90" type="method" name="processResult" visibility="private" complexity="4" crap="4" count="3"/>
      <line num="94" type="stmt" count="3"/>
      <line num="98" type="stmt" count="3"/>
      <line num="100" type="stmt" count="3"/>
      <line num="102" type="stmt" count="1"/>
      <line num="103" type="stmt" count="1"/>
      <line num="104" type="stmt" count="1"/>
      <line num="105" type="stmt" count="1"/>
      <line num="106" type="stmt" count="1"/>
      <line num="107" type="stmt" count="1"/>
      <line num="109" type="stmt" count="1"/>
      <line num="111" type="stmt" count="1"/>
      <line num="112" type="stmt" count="1"/>
      <line num="113" type="stmt" count="1"/>
      <line num="114" type="stmt" count="1"/>
      <line num="126" type="method" name="unroll" visibility="private" complexity="2" crap="2" count="3"/>
      <line num="128" type="stmt" count="3"/>
      <line num="129" type="stmt" count="1"/>
      <line num="130" type="stmt" count="1"/>
      <line num="131" type="stmt" count="1"/>
      <line num="143" type="method" name="setSourceRecord" visibility="private" complexity="1" crap="1" count="2"/>
      <line num="145" type="stmt" count="2"/>
      <line num="148" type="method" name="getSourceRecord" visibility="private" complexity="1" crap="1" count="3"/>
      <line num="150" type="stmt" count="3"/>
      <line num="153" type="method" name="setTargetRecordIndex" visibility="private" complexity="1" crap="1" count="1"/>
      <line num="155" type="stmt" count="1"/>
      <line num="156" type="stmt" count="1"/>
      <metrics loc="159" ncloc="107" classes="1" methods="8" coveredmethods="8" conditionals="0" coveredconditionals="0" statements="40" coveredstatements="40" elements="48" coveredelements="48"/>
    </file>
    <file name="/Users/cedricsavarese/web/ConnectorPoC/src/Graph.php">
      <class name="Connector\Graph" namespace="global">
        <metrics complexity="18" methods="8" coveredmethods="6" conditionals="0" coveredconditionals="0" statements="45" coveredstatements="43" elements="53" coveredelements="49"/>
      </class>
      <line num="16" type="method" name="__construct" visibility="public" complexity="1" crap="1" count="6"/>
      <line num="17" type="stmt" count="6"/>
      <line num="18" type="stmt" count="6"/>
      <line num="21" type="method" name="parse" visibility="protected" complexity="1" crap="1" count="6"/>
      <line num="22" type="stmt" count="6"/>
      <line num="28" type="method" name="getNodeById" visibility="public" complexity="3" crap="3" count="4"/>
      <line num="29" type="stmt" count="4"/>
      <line num="30" type="stmt" count="4"/>
      <line num="32" type="stmt" count="1"/>
      <line num="35" type="method" name="getNewId" visibility="private" complexity="3" crap="3" count="3"/>
      <line num="36" type="stmt" count="3"/>
      <line num="37" type="stmt" count="3"/>
      <line num="38" type="stmt" count="3"/>
      <line num="39" type="stmt" count="3"/>
      <line num="42" type="stmt" count="3"/>
      <line num="48" type="method" name="copy" visibility="public" complexity="6" crap="6" count="3"/>
      <line num="50" type="stmt" count="3"/>
      <line num="51" type="stmt" count="1"/>
      <line num="53" type="stmt" count="2"/>
      <line num="54" type="stmt" count="2"/>
      <line num="55" type="stmt" count="2"/>
      <line num="56" type="stmt" count="2"/>
      <line num="57" type="stmt" count="2"/>
      <line num="59" type="stmt" count="2"/>
      <line num="60" type="stmt" count="2"/>
      <line num="61" type="stmt" count="2"/>
      <line num="62" type="stmt" count="2"/>
      <line num="66" type="stmt" count="2"/>
      <line num="67" type="stmt" count="1"/>
      <line num="68" type="stmt" count="1"/>
      <line num="69" type="stmt" count="1"/>
      <line num="72" type="stmt" count="2"/>
      <line num="73" type="stmt" count="2"/>
      <line num="74" type="stmt" count="1"/>
      <line num="75" type="stmt" count="1"/>
      <line num="76" type="stmt" count="1"/>
      <line num="77" type="stmt" count="1"/>
      <line num="80" type="stmt" count="2"/>
      <line num="83" type="method" name="addNodeAfter" visibility="public" complexity="1" crap="1" count="1"/>
      <line num="85" type="stmt" count="1"/>
      <line num="86" type="stmt" count="1"/>
      <line num="87" type="stmt" count="1"/>
      <line num="88" type="stmt" count="1"/>
      <line num="89" type="stmt" count="1"/>
      <line num="90" type="stmt" count="1"/>
      <line num="91" type="stmt" count="1"/>
      <line num="92" type="stmt" count="1"/>
      <line num="93" type="stmt" count="1"/>
      <line num="94" type="stmt" count="1"/>
      <line num="97" type="method" name="markAsVisited" visibility="protected" complexity="1" crap="2" count="0"/>
      <line num="98" type="stmt" count="0"/>
      <line num="101" type="method" name="wasVisited" visibility="protected" complexity="2" crap="6" count="0"/>
      <line num="103" type="stmt" count="0"/>
      <metrics loc="106" ncloc="97" classes="1" methods="8" coveredmethods="6" conditionals="0" coveredconditionals="0" statements="45" coveredstatements="43" elements="53" coveredelements="49"/>
    </file>
    <file name="/Users/cedricsavarese/web/ConnectorPoC/src/Integrations/AbstractIntegration.php">
      <class name="Connector\Integrations\AbstractIntegration" namespace="global">
        <metrics complexity="6" methods="4" coveredmethods="0" conditionals="0" coveredconditionals="0" statements="6" coveredstatements="0" elements="10" coveredelements="0"/>
      </class>
      <line num="27" type="method" name="setAuthorization" visibility="public" complexity="1" crap="2" count="0"/>
      <line num="28" type="stmt" count="0"/>
      <line num="29" type="stmt" count="0"/>
      <line num="38" type="method" name="setSchema" visibility="public" complexity="1" crap="2" count="0"/>
      <line num="39" type="stmt" count="0"/>
      <line num="40" type="stmt" count="0"/>
      <line num="46" type="method" name="getSchema" visibility="public" complexity="1" crap="2" count="0"/>
      <line num="48" type="stmt" count="0"/>
      <line num="63" type="method" name="rollback" visibility="public" complexity="1" crap="2" count="0"/>
      <metrics loc="100" ncloc="43" classes="1" methods="4" coveredmethods="0" conditionals="0" coveredconditionals="0" statements="6" coveredstatements="0" elements="10" coveredelements="0"/>
    </file>
    <file name="/Users/cedricsavarese/web/ConnectorPoC/src/Integrations/Database/AbstractDatabase.php">
      <class name="Connector\Integrations\Database\AbstractDatabase" namespace="global">
        <metrics complexity="3" methods="3" coveredmethods="0" conditionals="0" coveredconditionals="0" statements="3" coveredstatements="0" elements="6" coveredelements="0"/>
      </class>
      <line num="20" type="method" name="discover" visibility="public" complexity="1" crap="2" count="0"/>
      <line num="22" type="stmt" count="0"/>
      <line num="25" type="method" name="extract" visibility="public" complexity="1" crap="2" count="0"/>
      <line num="27" type="stmt" count="0"/>
      <line num="30" type="method" name="load" visibility="public" complexity="1" crap="2" count="0"/>
      <line num="32" type="stmt" count="0"/>
      <metrics loc="34" ncloc="34" classes="1" methods="3" coveredmethods="0" conditionals="0" coveredconditionals="0" statements="3" coveredstatements="0" elements="6" coveredelements="0"/>
    </file>
    <file name="/Users/cedricsavarese/web/ConnectorPoC/src/Integrations/Payment/AbstractPayment.php">
      <class name="Connector\Integrations\Payment\AbstractPayment" namespace="global">
        <metrics complexity="2" methods="2" coveredmethods="0" conditionals="0" coveredconditionals="0" statements="2" coveredstatements="0" elements="4" coveredelements="0"/>
      </class>
      <line num="14" type="method" name="extract" visibility="public" complexity="1" crap="2" count="0"/>
      <line num="15" type="stmt" count="0"/>
      <line num="18" type="method" name="load" visibility="public" complexity="1" crap="2" count="0"/>
      <line num="19" type="stmt" count="0"/>
      <metrics loc="37" ncloc="37" classes="1" methods="2" coveredmethods="0" conditionals="0" coveredconditionals="0" statements="2" coveredstatements="0" elements="4" coveredelements="0"/>
    </file>
    <file name="/Users/cedricsavarese/web/ConnectorPoC/src/Integrations/Response.php">
      <class name="Connector\Integrations\Response" namespace="global">
        <metrics complexity="5" methods="5" coveredmethods="0" conditionals="0" coveredconditionals="0" statements="9" coveredstatements="0" elements="14" coveredelements="0"/>
      </class>
      <line num="26" type="method" name="setRecordset" visibility="public" complexity="1" crap="2" count="0"/>
      <line num="28" type="stmt" count="0"/>
      <line num="29" type="stmt" count="0"/>
      <line num="38" type="method" name="setRecordKey" visibility="public" complexity="1" crap="2" count="0"/>
      <line num="40" type="stmt" count="0"/>
      <line num="41" type="stmt" count="0"/>
      <line num="53" type="method" name="setError" visibility="public" complexity="1" crap="2" count="0"/>
      <line num="55" type="stmt" count="0"/>
      <line num="56" type="stmt" count="0"/>
      <line num="57" type="stmt" count="0"/>
      <line num="63" type="method" name="getRecordset" visibility="public" complexity="1" crap="2" count="0"/>
      <line num="65" type="stmt" count="0"/>
      <line num="71" type="method" name="getRecordKey" visibility="public" complexity="1" crap="2" count="0"/>
      <line num="73" type="stmt" count="0"/>
      <metrics loc="75" ncloc="43" classes="1" methods="5" coveredmethods="0" conditionals="0" coveredconditionals="0" statements="9" coveredstatements="0" elements="14" coveredelements="0"/>
    </file>
    <file name="/Users/cedricsavarese/web/ConnectorPoC/src/Integrations/Spreadsheet/AbstractSpreadsheet.php">
      <class name="Connector\Integrations\Spreadsheet\AbstractSpreadsheet" namespace="global">
        <metrics complexity="10" methods="7" coveredmethods="7" conditionals="0" coveredconditionals="0" statements="27" coveredstatements="27" elements="34" coveredelements="34"/>
      </class>
      <line num="27" type="method" name="__construct" visibility="public" complexity="1" crap="1" count="2"/>
      <line num="28" type="stmt" count="2"/>
      <line num="36" type="method" name="extract" visibility="public" complexity="1" crap="1" count="1"/>
      <line num="38" type="stmt" count="1"/>
      <line num="39" type="stmt" count="1"/>
      <line num="40" type="stmt" count="1"/>
      <line num="41" type="stmt" count="1"/>
      <line num="42" type="stmt" count="1"/>
      <line num="43" type="stmt" count="1"/>
      <line num="46" type="method" name="load" visibility="public" complexity="1" crap="1" count="1"/>
      <line num="48" type="stmt" count="1"/>
      <line num="49" type="stmt" count="1"/>
      <line num="50" type="stmt" count="1"/>
      <line num="51" type="stmt" count="1"/>
      <line num="52" type="stmt" count="1"/>
      <line num="53" type="stmt" count="1"/>
      <line num="54" type="stmt" count="1"/>
      <line num="57" type="method" name="end" visibility="public" complexity="3" crap="3" count="1"/>
      <line num="59" type="stmt" count="1"/>
      <line num="60" type="stmt" count="1"/>
      <line num="61" type="stmt" count="1"/>
      <line num="62" type="stmt" count="1"/>
      <line num="63" type="stmt" count="1"/>
      <line num="64" type="stmt" count="1"/>
      <line num="69" type="method" name="getColumnHeaders" visibility="protected" complexity="1" crap="1" count="1"/>
      <line num="71" type="stmt" count="1"/>
      <line num="74" type="method" name="getRow" visibility="protected" complexity="1" crap="1" count="1"/>
      <line num="76" type="stmt" count="1"/>
      <line num="79" type="method" name="batch" visibility="private" complexity="2" crap="2" count="1"/>
      <line num="80" type="stmt" count="1"/>
      <line num="81" type="stmt" count="1"/>
      <line num="83" type="stmt" count="1"/>
      <line num="84" type="stmt" count="1"/>
      <line num="85" type="stmt" count="1"/>
      <metrics loc="88" ncloc="77" classes="1" methods="7" coveredmethods="7" conditionals="0" coveredconditionals="0" statements="27" coveredstatements="27" elements="34" coveredelements="34"/>
    </file>
    <file name="/Users/cedricsavarese/web/ConnectorPoC/src/Integrations/Spreadsheet/SpreadsheetRecordLocator.php">
      <class name="Connector\Integrations\Spreadsheet\SpreadsheetRecordLocator" namespace="global">
        <metrics complexity="1" methods="1" coveredmethods="1" conditionals="0" coveredconditionals="0" statements="1" coveredstatements="1" elements="2" coveredelements="2"/>
      </class>
      <line num="28" type="method" name="getSheetName" visibility="public" complexity="1" crap="1" count="2"/>
      <line num="30" type="stmt" count="2"/>
      <metrics loc="32" ncloc="21" classes="1" methods="1" coveredmethods="1" conditionals="0" coveredconditionals="0" statements="1" coveredstatements="1" elements="2" coveredelements="2"/>
    </file>
    <file name="/Users/cedricsavarese/web/ConnectorPoC/src/Integrations/Storage/AbstractStorage.php">
      <class name="Connector\Integrations\Storage\AbstractStorage" namespace="global">
        <metrics complexity="4" methods="3" coveredmethods="0" conditionals="0" coveredconditionals="0" statements="16" coveredstatements="0" elements="19" coveredelements="0"/>
      </class>
      <line num="54" type="method" name="discover" visibility="public" complexity="2" crap="6" count="0"/>
      <line num="56" type="stmt" count="0"/>
      <line num="58" type="stmt" count="0"/>
      <line num="59" type="stmt" count="0"/>
      <line num="60" type="stmt" count="0"/>
      <line num="61" type="stmt" count="0"/>
      <line num="63" type="stmt" count="0"/>
      <line num="66" type="method" name="extract" visibility="public" complexity="1" crap="2" count="0"/>
      <line num="67" type="stmt" count="0"/>
      <line num="70" type="method" name="load" visibility="public" complexity="1" crap="2" count="0"/>
      <line num="72" type="stmt" count="0"/>
      <line num="74" type="stmt" count="0"/>
      <line num="75" type="stmt" count="0"/>
      <line num="76" type="stmt" count="0"/>
      <line num="77" type="stmt" count="0"/>
      <line num="78" type="stmt" count="0"/>
      <line num="80" type="stmt" count="0"/>
      <line num="81" type="stmt" count="0"/>
      <line num="82" type="stmt" count="0"/>
      <metrics loc="85" ncloc="54" classes="1" methods="3" coveredmethods="0" conditionals="0" coveredconditionals="0" statements="16" coveredstatements="0" elements="19" coveredelements="0"/>
    </file>
    <file name="/Users/cedricsavarese/web/ConnectorPoC/src/Integrations/Storage/StorageRecordLocator.php">
      <class name="Connector\Integrations\Storage\StorageRecordLocator" namespace="global">
        <metrics complexity="0" methods="0" coveredmethods="0" conditionals="0" coveredconditionals="0" statements="0" coveredstatements="0" elements="0" coveredelements="0"/>
      </class>
      <metrics loc="13" ncloc="10" classes="0" methods="0" coveredmethods="0" conditionals="0" coveredconditionals="0" statements="0" coveredstatements="0" elements="0" coveredelements="0"/>
    </file>
    <file name="/Users/cedricsavarese/web/ConnectorPoC/src/Integrations/fake/FakeIntegration.php">
      <class name="Connector\Integrations\Fake\FakeIntegration" namespace="global">
        <metrics complexity="15" methods="7" coveredmethods="0" conditionals="0" coveredconditionals="0" statements="38" coveredstatements="0" elements="45" coveredelements="0"/>
      </class>
      <line num="21" type="method" name="__construct" visibility="public" complexity="1" crap="2" count="0"/>
      <line num="22" type="stmt" count="0"/>
      <line num="23" type="stmt" count="0"/>
      <line num="26" type="method" name="insertRecord" visibility="public" complexity="1" crap="2" count="0"/>
      <line num="27" type="stmt" count="0"/>
      <line num="28" type="stmt" count="0"/>
      <line num="31" type="method" name="updateRecord" visibility="public" complexity="1" crap="2" count="0"/>
      <line num="32" type="stmt" count="0"/>
      <line num="35" type="method" name="selectRecord" visibility="public" complexity="1" crap="2" count="0"/>
      <line num="37" type="stmt" count="0"/>
      <line num="40" type="method" name="discover" visibility="public" complexity="1" crap="2" count="0"/>
      <line num="42" type="stmt" count="0"/>
      <line num="43" type="stmt" count="0"/>
      <line num="46" type="method" name="extract" visibility="public" complexity="6" crap="42" count="0"/>
      <line num="48" type="stmt" count="0"/>
      <line num="49" type="stmt" count="0"/>
      <line num="50" type="stmt" count="0"/>
      <line num="51" type="stmt" count="0"/>
      <line num="52" type="stmt" count="0"/>
      <line num="54" type="stmt" count="0"/>
      <line num="56" type="stmt" count="0"/>
      <line num="57" type="stmt" count="0"/>
      <line num="58" type="stmt" count="0"/>
      <line num="59" type="stmt" count="0"/>
      <line num="62" type="stmt" count="0"/>
      <line num="63" type="stmt" count="0"/>
      <line num="65" type="stmt" count="0"/>
      <line num="66" type="stmt" count="0"/>
      <line num="69" type="stmt" count="0"/>
      <line num="72" type="method" name="load" visibility="public" complexity="4" crap="20" count="0"/>
      <line num="74" type="stmt" count="0"/>
      <line num="75" type="stmt" count="0"/>
      <line num="76" type="stmt" count="0"/>
      <line num="77" type="stmt" count="0"/>
      <line num="80" type="stmt" count="0"/>
      <line num="82" type="stmt" count="0"/>
      <line num="83" type="stmt" count="0"/>
      <line num="85" type="stmt" count="0"/>
      <line num="86" type="stmt" count="0"/>
      <line num="89" type="stmt" count="0"/>
      <line num="90" type="stmt" count="0"/>
      <line num="91" type="stmt" count="0"/>
      <line num="92" type="stmt" count="0"/>
      <line num="93" type="stmt" count="0"/>
      <line num="94" type="stmt" count="0"/>
      <metrics loc="97" ncloc="93" classes="1" methods="7" coveredmethods="0" conditionals="0" coveredconditionals="0" statements="38" coveredstatements="0" elements="45" coveredelements="0"/>
    </file>
    <file name="/Users/cedricsavarese/web/ConnectorPoC/src/Integrations/fake/FakeIntegrationSchema.php">
      <class name="Connector\Integrations\Fake\FakeIntegrationSchema" namespace="global">
        <metrics complexity="5" methods="2" coveredmethods="0" conditionals="0" coveredconditionals="0" statements="20" coveredstatements="0" elements="22" coveredelements="0"/>
      </class>
      <line num="17" type="method" name="__construct" visibility="public" complexity="1" crap="2" count="0"/>
      <line num="19" type="stmt" count="0"/>
      <line num="20" type="stmt" count="0"/>
      <line num="21" type="stmt" count="0"/>
      <line num="23" type="stmt" count="0"/>
      <line num="24" type="stmt" count="0"/>
      <line num="27" type="method" name="getRecordTypes" visibility="private" complexity="4" crap="20" count="0"/>
      <line num="28" type="stmt" count="0"/>
      <line num="29" type="stmt" count="0"/>
      <line num="30" type="stmt" count="0"/>
      <line num="31" type="stmt" count="0"/>
      <line num="32" type="stmt" count="0"/>
      <line num="33" type="stmt" count="0"/>
      <line num="34" type="stmt" count="0"/>
      <line num="35" type="stmt" count="0"/>
      <line num="36" type="stmt" count="0"/>
      <line num="37" type="stmt" count="0"/>
      <line num="38" type="stmt" count="0"/>
      <line num="39" type="stmt" count="0"/>
      <line num="41" type="stmt" count="0"/>
      <line num="42" type="stmt" count="0"/>
      <line num="45" type="stmt" count="0"/>
      <metrics loc="49" ncloc="49" classes="1" methods="2" coveredmethods="0" conditionals="0" coveredconditionals="0" statements="20" coveredstatements="0" elements="22" coveredelements="0"/>
    </file>
    <file name="/Users/cedricsavarese/web/ConnectorPoC/src/Integrations/fake/FakeRecordLocator.php">
      <class name="Connector\Integrations\Fake\FakeRecordLocator" namespace="global">
        <metrics complexity="0" methods="0" coveredmethods="0" conditionals="0" coveredconditionals="0" statements="0" coveredstatements="0" elements="0" coveredelements="0"/>
      </class>
      <metrics loc="11" ncloc="11" classes="0" methods="0" coveredmethods="0" conditionals="0" coveredconditionals="0" statements="0" coveredstatements="0" elements="0" coveredelements="0"/>
    </file>
    <file name="/Users/cedricsavarese/web/ConnectorPoC/src/Integrations/template/IntegrationName.php">
      <class name="Connector\Integrations\IntegrationName" namespace="global">
        <metrics complexity="3" methods="3" coveredmethods="0" conditionals="0" coveredconditionals="0" statements="3" coveredstatements="0" elements="6" coveredelements="0"/>
      </class>
      <line num="12" type="method" name="discover" visibility="public" complexity="1" crap="2" count="0"/>
      <line num="15" type="stmt" count="0"/>
      <line num="17" type="method" name="extract" visibility="public" complexity="1" crap="2" count="0"/>
      <line num="20" type="stmt" count="0"/>
      <line num="22" type="method" name="load" visibility="public" complexity="1" crap="2" count="0"/>
      <line num="25" type="stmt" count="0"/>
      <metrics loc="26" ncloc="23" classes="1" methods="3" coveredmethods="0" conditionals="0" coveredconditionals="0" statements="3" coveredstatements="0" elements="6" coveredelements="0"/>
    </file>
    <file name="/Users/cedricsavarese/web/ConnectorPoC/src/Integrations/template/tasks/Composer.php">
      <class name="Connector\Tasks\Composer" namespace="global">
        <metrics complexity="1" methods="1" coveredmethods="0" conditionals="0" coveredconditionals="0" statements="28" coveredstatements="0" elements="29" coveredelements="0"/>
      </class>
      <line num="10" type="method" name="postCreateProjectCmd" visibility="public" complexity="1" crap="2" count="0"/>
      <line num="12" type="stmt" count="0"/>
      <line num="13" type="stmt" count="0"/>
      <line num="14" type="stmt" count="0"/>
      <line num="15" type="stmt" count="0"/>
      <line num="16" type="stmt" count="0"/>
      <line num="18" type="stmt" count="0"/>
      <line num="19" type="stmt" count="0"/>
      <line num="20" type="stmt" count="0"/>
      <line num="21" type="stmt" count="0"/>
      <line num="22" type="stmt" count="0"/>
      <line num="23" type="stmt" count="0"/>
      <line num="26" type="stmt" count="0"/>
      <line num="29" type="stmt" count="0"/>
      <line num="30" type="stmt" count="0"/>
      <line num="31" type="stmt" count="0"/>
      <line num="34" type="stmt" count="0"/>
      <line num="35" type="stmt" count="0"/>
      <line num="36" type="stmt" count="0"/>
      <line num="39" type="stmt" count="0"/>
      <line num="40" type="stmt" count="0"/>
      <line num="41" type="stmt" count="0"/>
      <line num="44" type="stmt" count="0"/>
      <line num="45" type="stmt" count="0"/>
      <line num="46" type="stmt" count="0"/>
      <line num="49" type="stmt" count="0"/>
      <line num="52" type="stmt" count="0"/>
      <line num="53" type="stmt" count="0"/>
      <line num="54" type="stmt" count="0"/>
      <metrics loc="59" ncloc="51" classes="1" methods="1" coveredmethods="0" conditionals="0" coveredconditionals="0" statements="28" coveredstatements="0" elements="29" coveredelements="0"/>
    </file>
    <file name="/Users/cedricsavarese/web/ConnectorPoC/src/Mapping.php">
      <class name="Connector\Mapping" namespace="global">
        <metrics complexity="18" methods="11" coveredmethods="0" conditionals="0" coveredconditionals="0" statements="25" coveredstatements="0" elements="36" coveredelements="0"/>
      </class>
      <line num="20" type="method" name="__construct" visibility="public" complexity="6" crap="42" count="0"/>
      <line num="22" type="stmt" count="0"/>
      <line num="23" type="stmt" count="0"/>
      <line num="24" type="stmt" count="0"/>
      <line num="25" type="stmt" count="0"/>
      <line num="26" type="stmt" count="0"/>
      <line num="27" type="stmt" count="0"/>
      <line num="30" type="stmt" count="0"/>
      <line num="31" type="stmt" count="0"/>
      <line num="34" type="stmt" count="0"/>
      <line num="37" type="method" name="offsetExists" visibility="public" complexity="1" crap="2" count="0"/>
      <line num="39" type="stmt" count="0"/>
      <line num="42" type="method" name="offsetGet" visibility="public" complexity="1" crap="2" count="0"/>
      <line num="44" type="stmt" count="0"/>
      <line num="47" type="method" name="offsetSet" visibility="public" complexity="3" crap="12" count="0"/>
      <line num="49" type="stmt" count="0"/>
      <line num="50" type="stmt" count="0"/>
      <line num="51" type="stmt" count="0"/>
      <line num="53" type="stmt" count="0"/>
      <line num="54" type="stmt" count="0"/>
      <line num="58" type="method" name="offsetUnset" visibility="public" complexity="1" crap="2" count="0"/>
      <line num="60" type="stmt" count="0"/>
      <line num="61" type="stmt" count="0"/>
      <line num="62" type="stmt" count="0"/>
      <line num="65" type="method" name="count" visibility="public" complexity="1" crap="2" count="0"/>
      <line num="67" type="stmt" count="0"/>
      <line num="70" type="method" name="current" visibility="public" complexity="1" crap="2" count="0"/>
      <line num="72" type="stmt" count="0"/>
      <line num="75" type="method" name="next" visibility="public" complexity="1" crap="2" count="0"/>
      <line num="77" type="stmt" count="0"/>
      <line num="80" type="method" name="key" visibility="public" complexity="1" crap="2" count="0"/>
      <line num="82" type="stmt" count="0"/>
      <line num="85" type="method" name="valid" visibility="public" complexity="1" crap="2" count="0"/>
      <line num="87" type="stmt" count="0"/>
      <line num="90" type="method" name="rewind" visibility="public" complexity="1" crap="2" count="0"/>
      <line num="92" type="stmt" count="0"/>
      <metrics loc="94" ncloc="91" classes="1" methods="11" coveredmethods="0" conditionals="0" coveredconditionals="0" statements="25" coveredstatements="0" elements="36" coveredelements="0"/>
    </file>
    <file name="/Users/cedricsavarese/web/ConnectorPoC/src/Mapping/Item.php">
      <class name="Connector\Mapping\Item" namespace="global">
        <metrics complexity="1" methods="1" coveredmethods="0" conditionals="0" coveredconditionals="0" statements="2" coveredstatements="0" elements="3" coveredelements="0"/>
      </class>
      <line num="14" type="method" name="__construct" visibility="public" complexity="1" crap="2" count="0"/>
      <line num="16" type="stmt" count="0"/>
      <line num="17" type="stmt" count="0"/>
      <metrics loc="19" ncloc="15" classes="1" methods="1" coveredmethods="0" conditionals="0" coveredconditionals="0" statements="2" coveredstatements="0" elements="3" coveredelements="0"/>
    </file>
    <file name="/Users/cedricsavarese/web/ConnectorPoC/src/Operation.php">
      <class name="Connector\Operation" namespace="global">
        <metrics complexity="26" methods="10" coveredmethods="6" conditionals="0" coveredconditionals="0" statements="67" coveredstatements="54" elements="77" coveredelements="60"/>
      </class>
      <line num="34" type="method" name="__construct" visibility="public" complexity="1" crap="1" count="6"/>
      <line num="39" type="stmt" count="6"/>
      <line num="40" type="stmt" count="6"/>
      <line num="41" type="stmt" count="6"/>
      <line num="55" type="method" name="run" visibility="public" complexity="1" crap="1" count="6"/>
      <line num="57" type="stmt" count="6"/>
      <line num="59" type="stmt" count="6"/>
      <line num="60" type="stmt" count="6"/>
      <line num="61" type="stmt" count="4"/>
      <line num="63" type="stmt" count="4"/>
      <line num="64" type="stmt" count="4"/>
      <line num="65" type="stmt" count="4"/>
      <line num="66" type="stmt" count="4"/>
      <line num="75" type="method" name="extract" visibility="public" complexity="2" crap="2.06" count="6"/>
      <line num="77" type="stmt" count="6"/>
      <line num="78" type="stmt" count="0"/>
      <line num="79" type="stmt" count="0"/>
      <line num="81" type="stmt" count="6"/>
      <line num="82" type="stmt" count="6"/>
      <line num="83" type="stmt" count="6"/>
      <line num="84" type="stmt" count="6"/>
      <line num="86" type="stmt" count="6"/>
      <line num="95" type="method" name="transform" visibility="public" complexity="7" crap="9.06" count="6"/>
      <line num="97" type="stmt" count="6"/>
      <line num="100" type="stmt" count="6"/>
      <line num="102" type="stmt" count="6"/>
      <line num="104" type="stmt" count="1"/>
      <line num="108" type="stmt" count="5"/>
      <line num="109" type="stmt" count="0"/>
      <line num="111" type="stmt" count="5"/>
      <line num="112" type="stmt" count="5"/>
      <line num="116" type="stmt" count="5"/>
      <line num="119" type="stmt" count="5"/>
      <line num="122" type="stmt" count="0"/>
      <line num="123" type="stmt" count="0"/>
      <line num="124" type="stmt" count="0"/>
      <line num="127" type="stmt" count="0"/>
      <line num="128" type="stmt" count="0"/>
      <line num="129" type="stmt" count="0"/>
      <line num="131" type="stmt" count="0"/>
      <line num="135" type="stmt" count="5"/>
      <line num="138" type="stmt" count="5"/>
      <line num="139" type="stmt" count="5"/>
      <line num="142" type="stmt" count="5"/>
      <line num="145" type="stmt" count="5"/>
      <line num="148" type="stmt" count="4"/>
      <line num="157" type="method" name="load" visibility="public" complexity="1" crap="1" count="4"/>
      <line num="159" type="stmt" count="4"/>
      <line num="160" type="stmt" count="4"/>
      <line num="161" type="stmt" count="4"/>
      <line num="162" type="stmt" count="4"/>
      <line num="165" type="method" name="substituteValues" visibility="private" complexity="6" crap="6.40" count="5"/>
      <line num="167" type="stmt" count="5"/>
      <line num="168" type="stmt" count="1"/>
      <line num="169" type="stmt" count="0"/>
      <line num="170" type="stmt" count="0"/>
      <line num="173" type="stmt" count="1"/>
      <line num="174" type="stmt" count="1"/>
      <line num="175" type="stmt" count="1"/>
      <line num="176" type="stmt" count="1"/>
      <line num="181" type="stmt" count="5"/>
      <line num="192" type="method" name="convert" visibility="private" complexity="1" crap="1" count="5"/>
      <line num="194" type="stmt" count="5"/>
      <line num="199" type="method" name="evaluate" visibility="private" complexity="1" crap="2" count="0"/>
      <line num="202" type="method" name="getLoadableMapping" visibility="private" complexity="3" crap="3" count="4"/>
      <line num="204" type="stmt" count="4"/>
      <line num="205" type="stmt" count="4"/>
      <line num="206" type="stmt" count="4"/>
      <line num="207" type="stmt" count="4"/>
      <line num="210" type="stmt" count="4"/>
      <line num="213" type="method" name="getExtractableMapping" visibility="private" complexity="3" crap="3" count="6"/>
      <line num="215" type="stmt" count="6"/>
      <line num="216" type="stmt" count="6"/>
      <line num="217" type="stmt" count="6"/>
      <line num="218" type="stmt" count="6"/>
      <line num="222" type="stmt" count="6"/>
      <metrics loc="226" ncloc="168" classes="1" methods="10" coveredmethods="6" conditionals="0" coveredconditionals="0" statements="67" coveredstatements="54" elements="77" coveredelements="60"/>
    </file>
    <file name="/Users/cedricsavarese/web/ConnectorPoC/src/Operation/Result.php">
      <class name="Connector\Operation\Result" namespace="global">
        <metrics complexity="11" methods="9" coveredmethods="0" conditionals="0" coveredconditionals="0" statements="16" coveredstatements="0" elements="25" coveredelements="0"/>
      </class>
      <line num="14" type="method" name="__construct" visibility="public" complexity="1" crap="2" count="0"/>
      <line num="16" type="stmt" count="0"/>
      <line num="17" type="stmt" count="0"/>
      <line num="18" type="stmt" count="0"/>
      <line num="24" type="method" name="getExtractedRecordSet" visibility="public" complexity="1" crap="2" count="0"/>
      <line num="26" type="stmt" count="0"/>
      <line num="34" type="method" name="setExtractedRecordSet" visibility="public" complexity="1" crap="2" count="0"/>
      <line num="36" type="stmt" count="0"/>
      <line num="37" type="stmt" count="0"/>
      <line num="43" type="method" name="getLoadedRecordKey" visibility="public" complexity="1" crap="2" count="0"/>
      <line num="45" type="stmt" count="0"/>
      <line num="53" type="method" name="setLoadedRecordKey" visibility="public" complexity="2" crap="6" count="0"/>
      <line num="55" type="stmt" count="0"/>
      <line num="56" type="stmt" count="0"/>
      <line num="58" type="stmt" count="0"/>
      <line num="65" type="method" name="getReturnedRecordSet" visibility="public" complexity="1" crap="2" count="0"/>
      <line num="67" type="stmt" count="0"/>
      <line num="75" type="method" name="setReturnedRecordSet" visibility="public" complexity="2" crap="6" count="0"/>
      <line num="77" type="stmt" count="0"/>
      <line num="78" type="stmt" count="0"/>
      <line num="80" type="stmt" count="0"/>
      <line num="83" type="method" name="hasReturnedRecords" visibility="public" complexity="1" crap="2" count="0"/>
      <line num="85" type="stmt" count="0"/>
      <line num="88" type="method" name="getExtractedRecordKey" visibility="public" complexity="1" crap="2" count="0"/>
      <line num="90" type="stmt" count="0"/>
      <metrics loc="92" ncloc="68" classes="1" methods="9" coveredmethods="0" conditionals="0" coveredconditionals="0" statements="16" coveredstatements="0" elements="25" coveredelements="0"/>
    </file>
    <file name="/Users/cedricsavarese/web/ConnectorPoC/src/Record.php">
      <class name="Connector\Record" namespace="global">
        <metrics complexity="5" methods="4" coveredmethods="0" conditionals="0" coveredconditionals="0" statements="8" coveredstatements="0" elements="12" coveredelements="0"/>
      </class>
      <line num="21" type="method" name="__construct" visibility="public" complexity="1" crap="2" count="0"/>
      <line num="23" type="stmt" count="0"/>
      <line num="24" type="stmt" count="0"/>
      <line num="25" type="stmt" count="0"/>
      <line num="31" type="method" name="getValue" visibility="public" complexity="2" crap="6" count="0"/>
      <line num="33" type="stmt" count="0"/>
      <line num="34" type="stmt" count="0"/>
      <line num="36" type="stmt" count="0"/>
      <line num="39" type="method" name="getValues" visibility="public" complexity="1" crap="2" count="0"/>
      <line num="41" type="stmt" count="0"/>
      <line num="44" type="method" name="getKey" visibility="public" complexity="1" crap="2" count="0"/>
      <line num="46" type="stmt" count="0"/>
      <metrics loc="49" ncloc="39" classes="1" methods="4" coveredmethods="0" conditionals="0" coveredconditionals="0" statements="8" coveredstatements="0" elements="12" coveredelements="0"/>
    </file>
    <file name="/Users/cedricsavarese/web/ConnectorPoC/src/Record/RecordKey.php">
      <class name="Connector\Record\RecordKey" namespace="global">
        <metrics complexity="1" methods="1" coveredmethods="0" conditionals="0" coveredconditionals="0" statements="2" coveredstatements="0" elements="3" coveredelements="0"/>
      </class>
      <line num="14" type="method" name="__construct" visibility="public" complexity="1" crap="2" count="0"/>
      <line num="16" type="stmt" count="0"/>
      <line num="17" type="stmt" count="0"/>
      <metrics loc="19" ncloc="15" classes="1" methods="1" coveredmethods="0" conditionals="0" coveredconditionals="0" statements="2" coveredstatements="0" elements="3" coveredelements="0"/>
    </file>
    <file name="/Users/cedricsavarese/web/ConnectorPoC/src/Record/RecordLocator.php">
      <class name="Connector\Record\RecordLocator" namespace="global">
        <metrics complexity="11" methods="7" coveredmethods="0" conditionals="0" coveredconditionals="0" statements="19" coveredstatements="0" elements="26" coveredelements="0"/>
      </class>
      <line num="20" type="method" name="__construct" visibility="public" complexity="4" crap="20" count="0"/>
      <line num="22" type="stmt" count="0"/>
      <line num="23" type="stmt" count="0"/>
      <line num="24" type="stmt" count="0"/>
      <line num="25" type="stmt" count="0"/>
      <line num="26" type="stmt" count="0"/>
      <line num="31" type="method" name="__set" visibility="public" complexity="1" crap="2" count="0"/>
      <line num="33" type="stmt" count="0"/>
      <line num="36" type="method" name="__get" visibility="public" complexity="1" crap="2" count="0"/>
      <line num="38" type="stmt" count="0"/>
      <line num="41" type="method" name="__isset" visibility="public" complexity="1" crap="2" count="0"/>
      <line num="43" type="stmt" count="0"/>
      <line num="46" type="method" name="getProperties" visibility="public" complexity="1" crap="2" count="0"/>
      <line num="48" type="stmt" count="0"/>
      <line num="51" type="method" name="copyFrom" visibility="private" complexity="2" crap="6" count="0"/>
      <line num="53" type="stmt" count="0"/>
      <line num="54" type="stmt" count="0"/>
      <line num="56" type="stmt" count="0"/>
      <line num="59" type="method" name="toJson" visibility="public" complexity="1" crap="2" count="0"/>
      <line num="61" type="stmt" count="0"/>
      <line num="62" type="stmt" count="0"/>
      <line num="63" type="stmt" count="0"/>
      <line num="64" type="stmt" count="0"/>
      <line num="65" type="stmt" count="0"/>
      <line num="66" type="stmt" count="0"/>
      <line num="67" type="stmt" count="0"/>
      <metrics loc="70" ncloc="62" classes="1" methods="7" coveredmethods="0" conditionals="0" coveredconditionals="0" statements="19" coveredstatements="0" elements="26" coveredelements="0"/>
    </file>
    <file name="/Users/cedricsavarese/web/ConnectorPoC/src/Record/Recordset.php">
      <class name="Connector\Record\Recordset" namespace="global">
        <metrics complexity="6" methods="5" coveredmethods="0" conditionals="0" coveredconditionals="0" statements="7" coveredstatements="0" elements="12" coveredelements="0"/>
      </class>
      <line num="15" type="method" name="offsetExists" visibility="public" complexity="1" crap="2" count="0"/>
      <line num="17" type="stmt" count="0"/>
      <line num="19" type="method" name="offsetGet" visibility="public" complexity="1" crap="2" count="0"/>
      <line num="21" type="stmt" count="0"/>
      <line num="23" type="method" name="offsetSet" visibility="public" complexity="2" crap="6" count="0"/>
      <line num="25" type="stmt" count="0"/>
      <line num="26" type="stmt" count="0"/>
      <line num="28" type="stmt" count="0"/>
      <line num="31" type="method" name="offsetUnset" visibility="public" complexity="1" crap="2" count="0"/>
      <line num="33" type="stmt" count="0"/>
      <line num="35" type="method" name="count" visibility="public" complexity="1" crap="2" count="0"/>
      <line num="37" type="stmt" count="0"/>
      <metrics loc="39" ncloc="36" classes="1" methods="5" coveredmethods="0" conditionals="0" coveredconditionals="0" statements="7" coveredstatements="0" elements="12" coveredelements="0"/>
    </file>
    <file name="/Users/cedricsavarese/web/ConnectorPoC/src/Schema/Builder/RecordProperties.php">
      <class name="Connector\Schema\Builder\RecordProperties" namespace="global">
        <metrics complexity="3" methods="3" coveredmethods="0" conditionals="0" coveredconditionals="0" statements="3" coveredstatements="0" elements="6" coveredelements="0"/>
      </class>
      <line num="12" type="method" name="__construct" visibility="public" complexity="1" crap="2" count="0"/>
      <line num="14" type="stmt" count="0"/>
      <line num="16" type="method" name="add" visibility="public" complexity="1" crap="2" count="0"/>
      <line num="18" type="stmt" count="0"/>
      <line num="21" type="method" name="toArray" visibility="public" complexity="1" crap="2" count="0"/>
      <line num="23" type="stmt" count="0"/>
      <metrics loc="25" ncloc="22" classes="1" methods="3" coveredmethods="0" conditionals="0" coveredconditionals="0" statements="3" coveredstatements="0" elements="6" coveredelements="0"/>
    </file>
    <file name="/Users/cedricsavarese/web/ConnectorPoC/src/Schema/Builder/RecordProperty.php">
      <class name="Connector\Schema\Builder\RecordProperty" namespace="global">
        <metrics complexity="2" methods="2" coveredmethods="0" conditionals="0" coveredconditionals="0" statements="4" coveredstatements="0" elements="6" coveredelements="0"/>
      </class>
      <line num="14" type="method" name="__construct" visibility="public" complexity="1" crap="2" count="0"/>
      <line num="16" type="stmt" count="0"/>
      <line num="17" type="stmt" count="0"/>
      <line num="20" type="method" name="toArray" visibility="public" complexity="1" crap="2" count="0"/>
      <line num="22" type="stmt" count="0"/>
      <metrics loc="25" ncloc="22" classes="1" methods="2" coveredmethods="0" conditionals="0" coveredconditionals="0" statements="4" coveredstatements="0" elements="6" coveredelements="0"/>
    </file>
    <file name="/Users/cedricsavarese/web/ConnectorPoC/src/Schema/Builder/RecordType.php">
      <class name="Connector\Schema\Builder\RecordType" namespace="global">
        <metrics complexity="6" methods="6" coveredmethods="0" conditionals="0" coveredconditionals="0" statements="14" coveredstatements="0" elements="20" coveredelements="0"/>
      </class>
      <line num="16" type="method" name="__construct" visibility="public" complexity="1" crap="2" count="0"/>
      <line num="18" type="stmt" count="0"/>
      <line num="19" type="stmt" count="0"/>
      <line num="22" type="method" name="setTitle" visibility="public" complexity="1" crap="2" count="0"/>
      <line num="24" type="stmt" count="0"/>
      <line num="27" type="method" name="setRequired" visibility="public" complexity="1" crap="2" count="0"/>
      <line num="29" type="stmt" count="0"/>
      <line num="32" type="method" name="addProperty" visibility="public" complexity="1" crap="2" count="0"/>
      <line num="34" type="stmt" count="0"/>
      <line num="37" type="method" name="addAnyOfProperty" visibility="public" complexity="1" crap="2" count="0"/>
      <line num="39" type="stmt" count="0"/>
      <line num="43" type="method" name="toArray" visibility="public" complexity="1" crap="2" count="0"/>
      <line num="45" type="stmt" count="0"/>
      <line num="46" type="stmt" count="0"/>
      <line num="47" type="stmt" count="0"/>
      <line num="48" type="stmt" count="0"/>
      <line num="49" type="stmt" count="0"/>
      <line num="50" type="stmt" count="0"/>
      <line num="51" type="stmt" count="0"/>
      <line num="52" type="stmt" count="0"/>
      <metrics loc="55" ncloc="52" classes="1" methods="6" coveredmethods="0" conditionals="0" coveredconditionals="0" statements="14" coveredstatements="0" elements="20" coveredelements="0"/>
    </file>
    <file name="/Users/cedricsavarese/web/ConnectorPoC/src/Schema/Builder/RecordTypes.php">
      <class name="Connector\Schema\Builder\RecordTypes" namespace="global">
        <metrics complexity="3" methods="3" coveredmethods="0" conditionals="0" coveredconditionals="0" statements="3" coveredstatements="0" elements="6" coveredelements="0"/>
      </class>
      <line num="12" type="method" name="__construct" visibility="public" complexity="1" crap="2" count="0"/>
      <line num="14" type="stmt" count="0"/>
      <line num="17" type="method" name="add" visibility="public" complexity="1" crap="2" count="0"/>
      <line num="19" type="stmt" count="0"/>
      <line num="22" type="method" name="toArray" visibility="public" complexity="1" crap="2" count="0"/>
      <line num="24" type="stmt" count="0"/>
      <metrics loc="27" ncloc="24" classes="1" methods="3" coveredmethods="0" conditionals="0" coveredconditionals="0" statements="3" coveredstatements="0" elements="6" coveredelements="0"/>
    </file>
    <file name="/Users/cedricsavarese/web/ConnectorPoC/src/Schema/Builder/SchemaBuilder.php">
      <class name="Connector\Schema\Builder\SchemaBuilder" namespace="global">
        <metrics complexity="8" methods="5" coveredmethods="0" conditionals="0" coveredconditionals="0" statements="20" coveredstatements="0" elements="25" coveredelements="0"/>
      </class>
      <line num="16" type="method" name="__construct" visibility="public" complexity="1" crap="2" count="0"/>
      <line num="18" type="stmt" count="0"/>
      <line num="19" type="stmt" count="0"/>
      <line num="20" type="stmt" count="0"/>
      <line num="21" type="stmt" count="0"/>
      <line num="22" type="stmt" count="0"/>
      <line num="25" type="method" name="toJson" visibility="public" complexity="1" crap="2" count="0"/>
      <line num="27" type="stmt" count="0"/>
      <line num="30" type="method" name="toArray" visibility="public" complexity="1" crap="2" count="0"/>
      <line num="32" type="stmt" count="0"/>
      <line num="33" type="stmt" count="0"/>
      <line num="34" type="stmt" count="0"/>
      <line num="35" type="stmt" count="0"/>
      <line num="36" type="stmt" count="0"/>
      <line num="37" type="stmt" count="0"/>
      <line num="38" type="stmt" count="0"/>
      <line num="39" type="stmt" count="0"/>
      <line num="42" type="method" name="addRecordType" visibility="public" complexity="1" crap="2" count="0"/>
      <line num="44" type="stmt" count="0"/>
      <line num="45" type="stmt" count="0"/>
      <line num="48" type="method" name="unsetEmptyArrays" visibility="private" complexity="4" crap="20" count="0"/>
      <line num="50" type="stmt" count="0"/>
      <line num="51" type="stmt" count="0"/>
      <line num="52" type="stmt" count="0"/>
      <line num="55" type="stmt" count="0"/>
      <metrics loc="58" ncloc="55" classes="1" methods="5" coveredmethods="0" conditionals="0" coveredconditionals="0" statements="20" coveredstatements="0" elements="25" coveredelements="0"/>
    </file>
    <file name="/Users/cedricsavarese/web/ConnectorPoC/src/Schema/GenericSchema.php">
      <class name="Connector\Schema\GenericSchema" namespace="global">
        <metrics complexity="2" methods="2" coveredmethods="0" conditionals="0" coveredconditionals="0" statements="3" coveredstatements="0" elements="5" coveredelements="0"/>
      </class>
      <line num="13" type="method" name="__construct" visibility="public" complexity="1" crap="2" count="0"/>
      <line num="15" type="stmt" count="0"/>
      <line num="16" type="stmt" count="0"/>
      <line num="19" type="method" name="getProperty" visibility="protected" complexity="1" crap="2" count="0"/>
      <line num="21" type="stmt" count="0"/>
      <metrics loc="23" ncloc="20" classes="1" methods="2" coveredmethods="0" conditionals="0" coveredconditionals="0" statements="3" coveredstatements="0" elements="5" coveredelements="0"/>
    </file>
    <file name="/Users/cedricsavarese/web/ConnectorPoC/src/Schema/IntegrationSchema.php">
      <class name="Connector\Schema\IntegrationSchema" namespace="global">
        <metrics complexity="11" methods="6" coveredmethods="0" conditionals="0" coveredconditionals="0" statements="25" coveredstatements="0" elements="31" coveredelements="0"/>
      </class>
      <line num="17" type="method" name="__construct" visibility="public" complexity="1" crap="2" count="0"/>
      <line num="19" type="stmt" count="0"/>
      <line num="20" type="stmt" count="0"/>
      <line num="27" type="method" name="getLocale" visibility="public" complexity="1" crap="2" count="0"/>
      <line num="29" type="stmt" count="0"/>
      <line num="36" type="method" name="getEncoding" visibility="public" complexity="1" crap="2" count="0"/>
      <line num="38" type="stmt" count="0"/>
      <line num="45" type="method" name="getTimeZone" visibility="public" complexity="1" crap="2" count="0"/>
      <line num="47" type="stmt" count="0"/>
      <line num="50" type="method" name="getDataType" visibility="public" complexity="1" crap="2" count="0"/>
      <line num="52" type="stmt" count="0"/>
      <line num="54" type="stmt" count="0"/>
      <line num="55" type="stmt" count="0"/>
      <line num="56" type="stmt" count="0"/>
      <line num="57" type="stmt" count="0"/>
      <line num="58" type="stmt" count="0"/>
      <line num="65" type="method" name="getProperty" visibility="protected" complexity="6" crap="42" count="0"/>
      <line num="67" type="stmt" count="0"/>
      <line num="68" type="stmt" count="0"/>
      <line num="71" type="stmt" count="0"/>
      <line num="72" type="stmt" count="0"/>
      <line num="75" type="stmt" count="0"/>
      <line num="77" type="stmt" count="0"/>
      <line num="78" type="stmt" count="0"/>
      <line num="81" type="stmt" count="0"/>
      <line num="83" type="stmt" count="0"/>
      <line num="84" type="stmt" count="0"/>
      <line num="85" type="stmt" count="0"/>
      <line num="86" type="stmt" count="0"/>
      <line num="88" type="stmt" count="0"/>
      <line num="91" type="stmt" count="0"/>
      <metrics loc="93" ncloc="74" classes="1" methods="6" coveredmethods="0" conditionals="0" coveredconditionals="0" statements="25" coveredstatements="0" elements="31" coveredelements="0"/>
    </file>
    <file name="/Users/cedricsavarese/web/ConnectorPoC/src/Type/DataType.php">
      <class name="Connector\Type\DataType" namespace="global">
        <metrics complexity="51" methods="34" coveredmethods="14" conditionals="0" coveredconditionals="0" statements="89" coveredstatements="53" elements="123" coveredelements="67"/>
      </class>
      <line num="37" type="method" name="__construct" visibility="public" complexity="1" crap="1" count="109"/>
      <line num="39" type="stmt" count="109"/>
      <line num="40" type="stmt" count="109"/>
      <line num="42" type="stmt" count="109"/>
      <line num="43" type="stmt" count="109"/>
      <line num="44" type="stmt" count="109"/>
      <line num="45" type="stmt" count="109"/>
      <line num="52" type="method" name="fromJsonSchema" visibility="public" complexity="8" crap="8.05" count="4"/>
      <line num="54" type="stmt" count="4"/>
      <line num="55" type="stmt" count="4"/>
      <line num="57" type="stmt" count="4"/>
      <line num="58" type="stmt" count="0"/>
      <line num="61" type="stmt" count="4"/>
      <line num="62" type="stmt" count="4"/>
      <line num="64" type="stmt" count="4"/>
      <line num="65" type="stmt" count="3"/>
      <line num="67" type="stmt" count="4"/>
      <line num="68" type="stmt" count="1"/>
      <line num="69" type="stmt" count="0"/>
      <line num="71" type="stmt" count="1"/>
      <line num="72" type="stmt" count="1"/>
      <line num="73" type="stmt" count="1"/>
      <line num="75" type="stmt" count="4"/>
      <line num="76" type="stmt" count="1"/>
      <line num="77" type="stmt" count="1"/>
      <line num="78" type="stmt" count="1"/>
      <line num="79" type="stmt" count="1"/>
      <line num="80" type="stmt" count="1"/>
      <line num="82" type="stmt" count="1"/>
      <line num="85" type="stmt" count="4"/>
      <line num="88" type="method" name="unsetAll" visibility="private" complexity="3" crap="3.07" count="4"/>
      <line num="90" type="stmt" count="4"/>
      <line num="91" type="stmt" count="4"/>
      <line num="92" type="stmt" count="4"/>
      <line num="93" type="stmt" count="4"/>
      <line num="95" type="stmt" count="0"/>
      <line num="100" type="method" name="getLocale" visibility="public" complexity="1" crap="1" count="104"/>
      <line num="102" type="stmt" count="104"/>
      <line num="105" type="method" name="setLocale" visibility="public" complexity="1" crap="1" count="104"/>
      <line num="107" type="stmt" count="104"/>
      <line num="108" type="stmt" count="104"/>
      <line num="111" type="method" name="getTimeZone" visibility="public" complexity="1" crap="1" count="104"/>
      <line num="113" type="stmt" count="104"/>
      <line num="116" type="method" name="setTimeZone" visibility="public" complexity="1" crap="1" count="104"/>
      <line num="118" type="stmt" count="104"/>
      <line num="119" type="stmt" count="104"/>
      <line num="125" type="method" name="getPattern" visibility="public" complexity="1" crap="2" count="0"/>
      <line num="127" type="stmt" count="0"/>
      <line num="133" type="method" name="setPattern" visibility="public" complexity="1" crap="2" count="0"/>
      <line num="135" type="stmt" count="0"/>
      <line num="136" type="stmt" count="0"/>
      <line num="144" type="method" name="setMinLength" visibility="public" complexity="1" crap="2" count="0"/>
      <line num="146" type="stmt" count="0"/>
      <line num="148" type="stmt" count="0"/>
      <line num="154" type="method" name="getMinLength" visibility="public" complexity="1" crap="2" count="0"/>
      <line num="156" type="stmt" count="0"/>
      <line num="164" type="method" name="setMaxLength" visibility="public" complexity="1" crap="2" count="0"/>
      <line num="166" type="stmt" count="0"/>
      <line num="168" type="stmt" count="0"/>
      <line num="174" type="method" name="getMaxLength" visibility="public" complexity="1" crap="2" count="0"/>
      <line num="176" type="stmt" count="0"/>
      <line num="184" type="method" name="setMinimum" visibility="public" complexity="1" crap="2" count="0"/>
      <line num="186" type="stmt" count="0"/>
      <line num="188" type="stmt" count="0"/>
      <line num="194" type="method" name="getMinimum" visibility="public" complexity="1" crap="2" count="0"/>
      <line num="196" type="stmt" count="0"/>
      <line num="204" type="method" name="setExclusiveMinimum" visibility="public" complexity="1" crap="2" count="0"/>
      <line num="206" type="stmt" count="0"/>
      <line num="208" type="stmt" count="0"/>
      <line num="214" type="method" name="getExclusiveMinimum" visibility="public" complexity="1" crap="2" count="0"/>
      <line num="216" type="stmt" count="0"/>
      <line num="224" type="method" name="setExclusiveMaximum" visibility="public" complexity="1" crap="2" count="0"/>
      <line num="226" type="stmt" count="0"/>
      <line num="228" type="stmt" count="0"/>
      <line num="234" type="method" name="getExclusiveMaximum" visibility="public" complexity="1" crap="2" count="0"/>
      <line num="236" type="stmt" count="0"/>
      <line num="244" type="method" name="setEncoding" visibility="public" complexity="1" crap="2" count="0"/>
      <line num="246" type="stmt" count="0"/>
      <line num="248" type="stmt" count="0"/>
      <line num="254" type="method" name="getEncoding" visibility="public" complexity="1" crap="2" count="0"/>
      <line num="256" type="stmt" count="0"/>
      <line num="264" type="method" name="setValidation" visibility="public" complexity="1" crap="2" count="0"/>
      <line num="266" type="stmt" count="0"/>
      <line num="268" type="stmt" count="0"/>
      <line num="274" type="method" name="getValidation" visibility="public" complexity="1" crap="2" count="0"/>
      <line num="276" type="stmt" count="0"/>
      <line num="284" type="method" name="setFormat" visibility="public" complexity="2" crap="2" count="109"/>
      <line num="286" type="stmt" count="109"/>
      <line num="287" type="stmt" count="16"/>
      <line num="289" type="stmt" count="109"/>
      <line num="291" type="stmt" count="109"/>
      <line num="297" type="method" name="getFormat" visibility="public" complexity="1" crap="1" count="27"/>
      <line num="299" type="stmt" count="27"/>
      <line num="307" type="method" name="setType" visibility="public" complexity="2" crap="2" count="109"/>
      <line num="309" type="stmt" count="109"/>
      <line num="310" type="stmt" count="105"/>
      <line num="312" type="stmt" count="107"/>
      <line num="314" type="stmt" count="109"/>
      <line num="320" type="method" name="getType" visibility="public" complexity="1" crap="1" count="6"/>
      <line num="322" type="stmt" count="6"/>
      <line num="330" type="method" name="setItems" visibility="public" complexity="1" crap="1" count="3"/>
      <line num="332" type="stmt" count="3"/>
      <line num="333" type="stmt" count="3"/>
      <line num="339" type="method" name="getItems" visibility="public" complexity="1" crap="1" count="3"/>
      <line num="341" type="stmt" count="3"/>
      <line num="344" type="method" name="hasItems" visibility="public" complexity="2" crap="2" count="2"/>
      <line num="346" type="stmt" count="2"/>
      <line num="354" type="method" name="setPrefixItems" visibility="public" complexity="1" crap="1" count="1"/>
      <line num="356" type="stmt" count="1"/>
      <line num="358" type="stmt" count="1"/>
      <line num="364" type="method" name="getPrefixItems" visibility="public" complexity="1" crap="1" count="1"/>
      <line num="366" type="stmt" count="1"/>
      <line num="369" type="method" name="hasPrefixItems" visibility="public" complexity="2" crap="6" count="0"/>
      <line num="371" type="stmt" count="0"/>
      <line num="374" type="method" name="getValueSeparator" visibility="public" complexity="5" crap="30" count="0"/>
      <line num="376" type="stmt" count="0"/>
      <line num="378" type="stmt" count="0"/>
      <line num="379" type="stmt" count="0"/>
      <line num="380" type="stmt" count="0"/>
      <line num="381" type="stmt" count="0"/>
      <line num="382" type="stmt" count="0"/>
      <line num="383" type="stmt" count="0"/>
      <line num="385" type="stmt" count="0"/>
      <metrics loc="389" ncloc="277" classes="1" methods="34" coveredmethods="14" conditionals="0" coveredconditionals="0" statements="89" coveredstatements="53" elements="123" coveredelements="67"/>
    </file>
    <file name="/Users/cedricsavarese/web/ConnectorPoC/src/Type/JsonSchemaFormats.php">
      <metrics loc="54" ncloc="20" classes="0" methods="0" coveredmethods="0" conditionals="0" coveredconditionals="0" statements="0" coveredstatements="0" elements="0" coveredelements="0"/>
    </file>
    <file name="/Users/cedricsavarese/web/ConnectorPoC/src/Type/JsonSchemaTypes.php">
      <metrics loc="17" ncloc="13" classes="0" methods="0" coveredmethods="0" conditionals="0" coveredconditionals="0" statements="0" coveredstatements="0" elements="0" coveredelements="0"/>
    </file>
    <file name="/Users/cedricsavarese/web/ConnectorPoC/src/Type/TypedValue.php">
      <class name="Connector\Type\TypedValue" namespace="global">
        <metrics complexity="94" methods="14" coveredmethods="3" conditionals="0" coveredconditionals="0" statements="285" coveredstatements="259" elements="299" coveredelements="262"/>
      </class>
      <line num="21" type="method" name="__construct" visibility="public" complexity="5" crap="5" count="105"/>
      <line num="23" type="stmt" count="105"/>
      <line num="24" type="stmt" count="1"/>
      <line num="25" type="stmt" count="1"/>
      <line num="27" type="stmt" count="105"/>
      <line num="28" type="stmt" count="105"/>
      <line num="29" type="stmt" count="105"/>
      <line num="30" type="stmt" count="105"/>
      <line num="31" type="stmt" count="105"/>
      <line num="36" type="stmt" count="105"/>
      <line num="37" type="stmt" count="83"/>
      <line num="44" type="method" name="getType" visibility="private" complexity="8" crap="8.09" count="105"/>
      <line num="46" type="stmt" count="105"/>
      <line num="47" type="stmt" count="105"/>
      <line num="48" type="stmt" count="83"/>
      <line num="49" type="stmt" count="22"/>
      <line num="50" type="stmt" count="7"/>
      <line num="51" type="stmt" count="17"/>
      <line num="52" type="stmt" count="7"/>
      <line num="53" type="stmt" count="10"/>
      <line num="54" type="stmt" count="8"/>
      <line num="55" type="stmt" count="2"/>
      <line num="56" type="stmt" count="2"/>
      <line num="57" type="stmt" count="2"/>
      <line num="58" type="stmt" count="2"/>
      <line num="59" type="stmt" count="2"/>
      <line num="61" type="stmt" count="2"/>
      <line num="62" type="stmt" count="2"/>
      <line num="64" type="stmt" count="0"/>
      <line num="68" type="stmt" count="0"/>
      <line num="74" type="method" name="convert" visibility="public" complexity="14" crap="14.54" count="105"/>
      <line num="76" type="stmt" count="105"/>
      <line num="78" type="stmt" count="105"/>
      <line num="79" type="stmt" count="16"/>
      <line num="80" type="stmt" count="16"/>
      <line num="81" type="stmt" count="16"/>
      <line num="82" type="stmt" count="89"/>
      <line num="83" type="stmt" count="18"/>
      <line num="84" type="stmt" count="18"/>
      <line num="85" type="stmt" count="18"/>
      <line num="86" type="stmt" count="75"/>
      <line num="87" type="stmt" count="14"/>
      <line num="88" type="stmt" count="14"/>
      <line num="89" type="stmt" count="14"/>
      <line num="90" type="stmt" count="62"/>
      <line num="91" type="stmt" count="62"/>
      <line num="92" type="stmt" count="62"/>
      <line num="93" type="stmt" count="0"/>
      <line num="94" type="stmt" count="62"/>
      <line num="95" type="stmt" count="25"/>
      <line num="96" type="stmt" count="25"/>
      <line num="97" type="stmt" count="25"/>
      <line num="98" type="stmt" count="50"/>
      <line num="99" type="stmt" count="32"/>
      <line num="100" type="stmt" count="32"/>
      <line num="101" type="stmt" count="32"/>
      <line num="102" type="stmt" count="24"/>
      <line num="103" type="stmt" count="11"/>
      <line num="104" type="stmt" count="11"/>
      <line num="105" type="stmt" count="11"/>
      <line num="106" type="stmt" count="11"/>
      <line num="107" type="stmt" count="11"/>
      <line num="108" type="stmt" count="11"/>
      <line num="109" type="stmt" count="11"/>
      <line num="110" type="stmt" count="13"/>
      <line num="111" type="stmt" count="4"/>
      <line num="112" type="stmt" count="4"/>
      <line num="113" type="stmt" count="4"/>
      <line num="114" type="stmt" count="4"/>
      <line num="115" type="stmt" count="4"/>
      <line num="116" type="stmt" count="4"/>
      <line num="117" type="stmt" count="4"/>
      <line num="118" type="stmt" count="9"/>
      <line num="119" type="stmt" count="0"/>
      <line num="120" type="stmt" count="0"/>
      <line num="121" type="stmt" count="0"/>
      <line num="122" type="stmt" count="0"/>
      <line num="124" type="stmt" count="9"/>
      <line num="125" type="stmt" count="9"/>
      <line num="127" type="stmt" count="62"/>
      <line num="128" type="stmt" count="1"/>
      <line num="129" type="stmt" count="1"/>
      <line num="130" type="stmt" count="1"/>
      <line num="131" type="stmt" count="1"/>
      <line num="133" type="stmt" count="0"/>
      <line num="134" type="stmt" count="0"/>
      <line num="135" type="stmt" count="0"/>
      <line num="138" type="stmt" count="105"/>
      <line num="144" type="method" name="toBoolean" visibility="private" complexity="10" crap="10.16" count="16"/>
      <line num="146" type="stmt" count="16"/>
      <line num="147" type="stmt" count="16"/>
      <line num="148" type="stmt" count="10"/>
      <line num="149" type="stmt" count="10"/>
      <line num="150" type="stmt" count="8"/>
      <line num="151" type="stmt" count="4"/>
      <line num="152" type="stmt" count="6"/>
      <line num="153" type="stmt" count="5"/>
      <line num="154" type="stmt" count="2"/>
      <line num="155" type="stmt" count="6"/>
      <line num="157" type="stmt" count="0"/>
      <line num="158" type="stmt" count="6"/>
      <line num="159" type="stmt" count="2"/>
      <line num="160" type="stmt" count="4"/>
      <line num="161" type="stmt" count="2"/>
      <line num="162" type="stmt" count="4"/>
      <line num="164" type="stmt" count="0"/>
      <line num="170" type="method" name="toNumber" visibility="private" complexity="6" crap="6.13" count="18"/>
      <line num="172" type="stmt" count="18"/>
      <line num="173" type="stmt" count="18"/>
      <line num="174" type="stmt" count="12"/>
      <line num="175" type="stmt" count="12"/>
      <line num="176" type="stmt" count="12"/>
      <line num="177" type="stmt" count="12"/>
      <line num="178" type="stmt" count="12"/>
      <line num="180" type="stmt" count="0"/>
      <line num="181" type="stmt" count="6"/>
      <line num="182" type="stmt" count="4"/>
      <line num="183" type="stmt" count="1"/>
      <line num="184" type="stmt" count="6"/>
      <line num="186" type="stmt" count="0"/>
      <line num="192" type="method" name="toInteger" visibility="private" complexity="6" crap="6.13" count="14"/>
      <line num="194" type="stmt" count="14"/>
      <line num="195" type="stmt" count="14"/>
      <line num="196" type="stmt" count="8"/>
      <line num="197" type="stmt" count="8"/>
      <line num="198" type="stmt" count="8"/>
      <line num="199" type="stmt" count="8"/>
      <line num="200" type="stmt" count="8"/>
      <line num="202" type="stmt" count="0"/>
      <line num="203" type="stmt" count="6"/>
      <line num="204" type="stmt" count="4"/>
      <line num="205" type="stmt" count="3"/>
      <line num="206" type="stmt" count="6"/>
      <line num="208" type="stmt" count="0"/>
      <line num="215" type="method" name="toDate" visibility="private" complexity="5" crap="5.03" count="25"/>
      <line num="217" type="stmt" count="25"/>
      <line num="218" type="stmt" count="25"/>
      <line num="219" type="stmt" count="25"/>
      <line num="220" type="stmt" count="1"/>
      <line num="221" type="stmt" count="25"/>
      <line num="222" type="stmt" count="3"/>
      <line num="223" type="stmt" count="3"/>
      <line num="225" type="stmt" count="22"/>
      <line num="228" type="stmt" count="0"/>
      <line num="234" type="method" name="toDateTime" visibility="private" complexity="5" crap="5.03" count="32"/>
      <line num="236" type="stmt" count="32"/>
      <line num="238" type="stmt" count="32"/>
      <line num="239" type="stmt" count="32"/>
      <line num="240" type="stmt" count="1"/>
      <line num="241" type="stmt" count="1"/>
      <line num="242" type="stmt" count="31"/>
      <line num="243" type="stmt" count="5"/>
      <line num="245" type="stmt" count="31"/>
      <line num="248" type="stmt" count="0"/>
      <line num="254" type="method" name="toArray" visibility="private" complexity="6" crap="6.10" count="1"/>
      <line num="256" type="stmt" count="1"/>
      <line num="257" type="stmt" count="1"/>
      <line num="258" type="stmt" count="1"/>
      <line num="259" type="stmt" count="1"/>
      <line num="260" type="stmt" count="1"/>
      <line num="261" type="stmt" count="1"/>
      <line num="263" type="stmt" count="0"/>
      <line num="265" type="stmt" count="1"/>
      <line num="266" type="stmt" count="1"/>
      <line num="267" type="stmt" count="1"/>
      <line num="269" type="stmt" count="0"/>
      <line num="271" type="stmt" count="1"/>
      <line num="273" type="stmt" count="1"/>
      <line num="276" type="stmt" count="1"/>
      <line num="279" type="method" name="toString" visibility="private" complexity="13" crap="13.18" count="24"/>
      <line num="281" type="stmt" count="24"/>
      <line num="282" type="stmt" count="24"/>
      <line num="283" type="stmt" count="15"/>
      <line num="284" type="stmt" count="15"/>
      <line num="285" type="stmt" count="11"/>
      <line num="286" type="stmt" count="11"/>
      <line num="287" type="stmt" count="11"/>
      <line num="288" type="stmt" count="11"/>
      <line num="289" type="stmt" count="11"/>
      <line num="290" type="stmt" count="11"/>
      <line num="291" type="stmt" count="11"/>
      <line num="292" type="stmt" count="11"/>
      <line num="293" type="stmt" count="4"/>
      <line num="294" type="stmt" count="4"/>
      <line num="295" type="stmt" count="4"/>
      <line num="296" type="stmt" count="4"/>
      <line num="297" type="stmt" count="4"/>
      <line num="298" type="stmt" count="4"/>
      <line num="299" type="stmt" count="4"/>
      <line num="300" type="stmt" count="4"/>
      <line num="301" type="stmt" count="4"/>
      <line num="302" type="stmt" count="0"/>
      <line num="303" type="stmt" count="0"/>
      <line num="305" type="stmt" count="0"/>
      <line num="307" type="stmt" count="9"/>
      <line num="308" type="stmt" count="3"/>
      <line num="309" type="stmt" count="3"/>
      <line num="311" type="stmt" count="6"/>
      <line num="312" type="stmt" count="2"/>
      <line num="314" type="stmt" count="4"/>
      <line num="315" type="stmt" count="1"/>
      <line num="316" type="stmt" count="1"/>
      <line num="317" type="stmt" count="1"/>
      <line num="318" type="stmt" count="1"/>
      <line num="320" type="stmt" count="0"/>
      <line num="322" type="stmt" count="1"/>
      <line num="323" type="stmt" count="1"/>
      <line num="325" type="stmt" count="1"/>
      <line num="327" type="stmt" count="4"/>
      <line num="331" type="method" name="coerceLocalizedStringToDate" visibility="private" complexity="3" crap="3" count="22"/>
      <line num="333" type="stmt" count="22"/>
      <line num="334" type="stmt" count="22"/>
      <line num="335" type="stmt" count="22"/>
      <line num="336" type="stmt" count="22"/>
      <line num="337" type="stmt" count="22"/>
      <line num="338" type="stmt" count="22"/>
      <line num="339" type="stmt" count="22"/>
      <line num="340" type="stmt" count="22"/>
      <line num="341" type="stmt" count="22"/>
      <line num="342" type="stmt" count="22"/>
      <line num="343" type="stmt" count="22"/>
      <line num="344" type="stmt" count="19"/>
      <line num="345" type="stmt" count="19"/>
      <line num="346" type="stmt" count="19"/>
      <line num="347" type="stmt" count="19"/>
      <line num="348" type="stmt" count="19"/>
      <line num="349" type="stmt" count="19"/>
      <line num="350" type="stmt" count="19"/>
      <line num="351" type="stmt" count="19"/>
      <line num="353" type="stmt" count="22"/>
      <line num="354" type="stmt" count="22"/>
      <line num="355" type="stmt" count="22"/>
      <line num="359" type="method" name="coerceLocalizedStringToDateTime" visibility="private" complexity="7" crap="7" count="31"/>
      <line num="361" type="stmt" count="31"/>
      <line num="362" type="stmt" count="31"/>
      <line num="363" type="stmt" count="31"/>
      <line num="364" type="stmt" count="31"/>
      <line num="365" type="stmt" count="31"/>
      <line num="366" type="stmt" count="31"/>
      <line num="367" type="stmt" count="31"/>
      <line num="368" type="stmt" count="31"/>
      <line num="369" type="stmt" count="31"/>
      <line num="370" type="stmt" count="31"/>
      <line num="372" type="stmt" count="31"/>
      <line num="373" type="stmt" count="30"/>
      <line num="374" type="stmt" count="30"/>
      <line num="375" type="stmt" count="30"/>
      <line num="376" type="stmt" count="30"/>
      <line num="377" type="stmt" count="30"/>
      <line num="378" type="stmt" count="30"/>
      <line num="379" type="stmt" count="30"/>
      <line num="380" type="stmt" count="30"/>
      <line num="381" type="stmt" count="30"/>
      <line num="384" type="stmt" count="31"/>
      <line num="385" type="stmt" count="26"/>
      <line num="386" type="stmt" count="26"/>
      <line num="387" type="stmt" count="26"/>
      <line num="388" type="stmt" count="26"/>
      <line num="389" type="stmt" count="26"/>
      <line num="390" type="stmt" count="26"/>
      <line num="391" type="stmt" count="26"/>
      <line num="392" type="stmt" count="26"/>
      <line num="393" type="stmt" count="26"/>
      <line num="394" type="stmt" count="26"/>
      <line num="397" type="stmt" count="31"/>
      <line num="399" type="stmt" count="25"/>
      <line num="400" type="stmt" count="25"/>
      <line num="401" type="stmt" count="25"/>
      <line num="402" type="stmt" count="25"/>
      <line num="403" type="stmt" count="25"/>
      <line num="404" type="stmt" count="25"/>
      <line num="405" type="stmt" count="25"/>
      <line num="406" type="stmt" count="25"/>
      <line num="408" type="stmt" count="31"/>
      <line num="410" type="stmt" count="3"/>
      <line num="411" type="stmt" count="3"/>
      <line num="413" type="stmt" count="31"/>
      <line num="415" type="stmt" count="2"/>
      <line num="416" type="stmt" count="2"/>
      <line num="417" type="stmt" count="2"/>
      <line num="418" type="stmt" count="2"/>
      <line num="419" type="stmt" count="2"/>
      <line num="420" type="stmt" count="2"/>
      <line num="421" type="stmt" count="2"/>
      <line num="422" type="stmt" count="2"/>
      <line num="424" type="stmt" count="31"/>
      <line num="425" type="stmt" count="0"/>
      <line num="427" type="stmt" count="31"/>
      <line num="428" type="stmt" count="31"/>
      <line num="431" type="method" name="getValueSeparatorFromFormat" visibility="private" complexity="5" crap="5" count="1"/>
      <line num="434" type="stmt" count="1"/>
      <line num="435" type="stmt" count="1"/>
      <line num="436" type="stmt" count="1"/>
      <line num="437" type="stmt" count="1"/>
      <line num="438" type="stmt" count="1"/>
      <line num="439" type="stmt" count="1"/>
      <line num="441" type="stmt" count="1"/>
      <line num="445" type="method" name="__toString" visibility="public" complexity="1" crap="2" count="0"/>
      <line num="447" type="stmt" count="0"/>
      <metrics loc="449" ncloc="418" classes="1" methods="14" coveredmethods="3" conditionals="0" coveredconditionals="0" statements="285" coveredstatements="259" elements="299" coveredelements="262"/>
    </file>
    <metrics files="47" loc="2927" ncloc="2368" classes="32" methods="182" coveredmethods="45" conditionals="0" coveredconditionals="0" statements="836" coveredstatements="477" elements="1018" coveredelements="522"/>
  </project>
</coverage>
